<?xml version="1.0" encoding="UTF-8"?>
<!-- Generated by org.testng.reporters.JUnitReportReporter -->
<testsuite hostname="DESKTOP-IA0RNFP" failures="0" tests="1" name="Test_01.Topic_00" time="2.545" errors="0" timestamp="15 Nov 2023 10:08:15 GMT" skipped="0">
  <testcase classname="Test_01.Topic_00" name="TC_01" time="2.545"/>
</testsuite> <!-- Test_01.Topic_00 -->
