<?xml version="1.0" encoding="UTF-8"?>
<!-- Generated by org.testng.reporters.JUnitReportReporter -->
<testsuite hostname="DESKTOP-IA0RNFP" failures="0" tests="1" name="com.krisshop.user.Testcase_01" time="22.274" errors="0" timestamp="30 Nov 2023 09:18:12 GMT" skipped="0">
  <testcase classname="com.krisshop.user.Testcase_01" name="TC_01" time="22.274"/>
</testsuite> <!-- com.krisshop.user.Testcase_01 -->
