<?xml version="1.0" encoding="UTF-8"?>
<!-- Generated by org.testng.reporters.JUnitReportReporter -->
<testsuite hostname="DESKTOP-IA0RNFP" failures="0" tests="1" name="Test_01.Topic_02_Test" time="2.099" errors="0" timestamp="22 Nov 2023 10:05:22 GMT" skipped="0">
  <testcase classname="Test_01.Topic_02_Test" name="TC_01_Click_To_Register" time="2.099"/>
</testsuite> <!-- Test_01.Topic_02_Test -->
